<?xml version="1.0" encoding="UTF-8"?>
<!DOCTYPE coverage SYSTEM "http://cobertura.sourceforge.net/xml/coverage-04.dtd">
<coverage line-rate="0.8784722" branch-rate="0" lines-covered="506" lines-valid="576" branches-covered="0" branches-valid="0" complexity="0" version="" timestamp="1635808630804">
	<packages>
		<package name="github.com/gorilla/mux" line-rate="0.8784722" branch-rate="0" complexity="0" line-count="576" line-hits="506">
			<classes>
				<class name="-" filename="..\..\..\..\..\..\go\pkg\mod\github.com\gorilla\mux@v1.8.0\test_helpers.go" line-rate="1" branch-rate="0" complexity="0" line-count="1" line-hits="1">
					<methods>
						<method name="SetURLVars" signature="" line-rate="1" branch-rate="0" complexity="0" line-count="0" line-hits="0">
							<lines>
								<line number="18" hits="1"></line>
							</lines>
						</method>
					</methods>
					<lines>
						<line number="18" hits="1"></line>
					</lines>
				</class>
				<class name="-" filename="..\..\..\..\..\..\go\pkg\mod\github.com\gorilla\mux@v1.8.0\middleware.go" line-rate="1" branch-rate="0" complexity="0" line-count="17" line-hits="17">
					<methods>
						<method name="CORSMethodMiddleware" signature="" line-rate="1" branch-rate="0" complexity="0" line-count="0" line-hits="0">
							<lines>
								<line number="40" hits="1"></line>
							</lines>
						</method>
						<method name="@40:9" signature="" line-rate="1" branch-rate="0" complexity="0" line-count="0" line-hits="0">
							<lines>
								<line number="41" hits="1"></line>
							</lines>
						</method>
						<method name="@41:27" signature="" line-rate="1" branch-rate="0" complexity="0" line-count="0" line-hits="0">
							<lines>
								<line number="42" hits="1"></line>
								<line number="43" hits="1"></line>
								<line number="44" hits="1"></line>
								<line number="45" hits="1"></line>
								<line number="46" hits="1"></line>
								<line number="51" hits="1"></line>
							</lines>
						</method>
						<method name="getAllMethodsForRoute" signature="" line-rate="1" branch-rate="0" complexity="0" line-count="0" line-hits="0">
							<lines>
								<line number="59" hits="1"></line>
								<line number="61" hits="1"></line>
								<line number="62" hits="1"></line>
								<line number="63" hits="1"></line>
								<line number="64" hits="1"></line>
								<line number="65" hits="1"></line>
								<line number="66" hits="1"></line>
								<line number="69" hits="1"></line>
								<line number="73" hits="1"></line>
							</lines>
						</method>
					</methods>
					<lines>
						<line number="40" hits="1"></line>
						<line number="41" hits="1"></line>
						<line number="42" hits="1"></line>
						<line number="43" hits="1"></line>
						<line number="44" hits="1"></line>
						<line number="45" hits="1"></line>
						<line number="46" hits="1"></line>
						<line number="51" hits="1"></line>
						<line number="59" hits="1"></line>
						<line number="61" hits="1"></line>
						<line number="62" hits="1"></line>
						<line number="63" hits="1"></line>
						<line number="64" hits="1"></line>
						<line number="65" hits="1"></line>
						<line number="66" hits="1"></line>
						<line number="69" hits="1"></line>
						<line number="73" hits="1"></line>
					</lines>
				</class>
				<class name="MiddlewareFunc" filename="..\..\..\..\..\..\go\pkg\mod\github.com\gorilla\mux@v1.8.0\middleware.go" line-rate="1" branch-rate="0" complexity="0" line-count="1" line-hits="1">
					<methods>
						<method name="Middleware" signature="" line-rate="1" branch-rate="0" complexity="0" line-count="0" line-hits="0">
							<lines>
								<line number="20" hits="1"></line>
							</lines>
						</method>
					</methods>
					<lines>
						<line number="20" hits="1"></line>
					</lines>
				</class>
				<class name="Router" filename="..\..\..\..\..\..\go\pkg\mod\github.com\gorilla\mux@v1.8.0\middleware.go" line-rate="1" branch-rate="0" complexity="0" line-count="3" line-hits="3">
					<methods>
						<method name="Use" signature="" line-rate="1" branch-rate="0" complexity="0" line-count="0" line-hits="0">
							<lines>
								<line number="25" hits="1"></line>
								<line number="26" hits="1"></line>
							</lines>
						</method>
						<method name="useInterface" signature="" line-rate="1" branch-rate="0" complexity="0" line-count="0" line-hits="0">
							<lines>
								<line number="32" hits="1"></line>
							</lines>
						</method>
					</methods>
					<lines>
						<line number="25" hits="1"></line>
						<line number="26" hits="1"></line>
						<line number="32" hits="1"></line>
					</lines>
				</class>
				<class name="-" filename="..\..\..\..\..\..\go\pkg\mod\github.com\gorilla\mux@v1.8.0\mux.go" line-rate="0.8804348" branch-rate="0" complexity="0" line-count="92" line-hits="81">
					<methods>
						<method name="NewRouter" signature="" line-rate="1" branch-rate="0" complexity="0" line-count="0" line-hits="0">
							<lines>
								<line number="26" hits="1"></line>
							</lines>
						</method>
						<method name="copyRouteConf" signature="" line-rate="1" branch-rate="0" complexity="0" line-count="0" line-hits="0">
							<lines>
								<line number="99" hits="1"></line>
								<line number="101" hits="1"></line>
								<line number="102" hits="1"></line>
								<line number="105" hits="1"></line>
								<line number="106" hits="1"></line>
								<line number="109" hits="1"></line>
								<line number="110" hits="1"></line>
								<line number="111" hits="1"></line>
								<line number="114" hits="1"></line>
								<line number="115" hits="1"></line>
								<line number="117" hits="1"></line>
							</lines>
						</method>
						<method name="copyRouteRegexp" signature="" line-rate="1" branch-rate="0" complexity="0" line-count="0" line-hits="0">
							<lines>
								<line number="121" hits="1"></line>
								<line number="122" hits="1"></line>
							</lines>
						</method>
						<method name="Vars" signature="" line-rate="0.6666667" branch-rate="0" complexity="0" line-count="0" line-hits="0">
							<lines>
								<line number="429" hits="1"></line>
								<line number="430" hits="1"></line>
								<line number="432" hits="0"></line>
							</lines>
						</method>
						<method name="CurrentRoute" signature="" line-rate="0" branch-rate="0" complexity="0" line-count="0" line-hits="0">
							<lines>
								<line number="440" hits="0"></line>
								<line number="441" hits="0"></line>
								<line number="443" hits="0"></line>
							</lines>
						</method>
						<method name="requestWithVars" signature="" line-rate="1" branch-rate="0" complexity="0" line-count="0" line-hits="0">
							<lines>
								<line number="447" hits="1"></line>
								<line number="448" hits="1"></line>
							</lines>
						</method>
						<method name="requestWithRoute" signature="" line-rate="1" branch-rate="0" complexity="0" line-count="0" line-hits="0">
							<lines>
								<line number="452" hits="1"></line>
								<line number="453" hits="1"></line>
							</lines>
						</method>
						<method name="cleanPath" signature="" line-rate="0.75" branch-rate="0" complexity="0" line-count="0" line-hits="0">
							<lines>
								<line number="463" hits="1"></line>
								<line number="464" hits="0"></line>
								<line number="466" hits="1"></line>
								<line number="467" hits="0"></line>
								<line number="469" hits="1"></line>
								<line number="472" hits="1"></line>
								<line number="473" hits="1"></line>
								<line number="476" hits="1"></line>
							</lines>
						</method>
						<method name="uniqueVars" signature="" line-rate="1" branch-rate="0" complexity="0" line-count="0" line-hits="0">
							<lines>
								<line number="481" hits="1"></line>
								<line number="482" hits="1"></line>
								<line number="483" hits="1"></line>
								<line number="484" hits="1"></line>
								<line number="488" hits="1"></line>
							</lines>
						</method>
						<method name="checkPairs" signature="" line-rate="0.75" branch-rate="0" complexity="0" line-count="0" line-hits="0">
							<lines>
								<line number="494" hits="1"></line>
								<line number="495" hits="1"></line>
								<line number="496" hits="0"></line>
								<line number="499" hits="1"></line>
							</lines>
						</method>
						<method name="mapFromPairsToString" signature="" line-rate="0.85714287" branch-rate="0" complexity="0" line-count="0" line-hits="0">
							<lines>
								<line number="505" hits="1"></line>
								<line number="506" hits="1"></line>
								<line number="507" hits="0"></line>
								<line number="509" hits="1"></line>
								<line number="510" hits="1"></line>
								<line number="511" hits="1"></line>
								<line number="513" hits="1"></line>
							</lines>
						</method>
						<method name="mapFromPairsToRegex" signature="" line-rate="0.8" branch-rate="0" complexity="0" line-count="0" line-hits="0">
							<lines>
								<line number="519" hits="1"></line>
								<line number="520" hits="1"></line>
								<line number="521" hits="0"></line>
								<line number="523" hits="1"></line>
								<line number="524" hits="1"></line>
								<line number="525" hits="1"></line>
								<line number="526" hits="1"></line>
								<line number="527" hits="0"></line>
								<line number="529" hits="1"></line>
								<line number="531" hits="1"></line>
							</lines>
						</method>
						<method name="matchInArray" signature="" line-rate="1" branch-rate="0" complexity="0" line-count="0" line-hits="0">
							<lines>
								<line number="536" hits="1"></line>
								<line number="537" hits="1"></line>
								<line number="538" hits="1"></line>
								<line number="541" hits="1"></line>
							</lines>
						</method>
						<method name="matchMapWithString" signature="" line-rate="1" branch-rate="0" complexity="0" line-count="0" line-hits="0">
							<lines>
								<line number="546" hits="1"></line>
								<line number="548" hits="1"></line>
								<line number="549" hits="1"></line>
								<line number="551" hits="1"></line>
								<line number="552" hits="1"></line>
								<line number="553" hits="1"></line>
								<line number="556" hits="1"></line>
								<line number="557" hits="1"></line>
								<line number="558" hits="1"></line>
								<line number="559" hits="1"></line>
								<line number="560" hits="1"></line>
								<line number="563" hits="1"></line>
								<line number="564" hits="1"></line>
								<line number="568" hits="1"></line>
							</lines>
						</method>
						<method name="matchMapWithRegex" signature="" line-rate="0.9285714" branch-rate="0" complexity="0" line-count="0" line-hits="0">
							<lines>
								<line number="574" hits="1"></line>
								<line number="576" hits="1"></line>
								<line number="577" hits="1"></line>
								<line number="579" hits="1"></line>
								<line number="580" hits="0"></line>
								<line number="581" hits="1"></line>
								<line number="584" hits="1"></line>
								<line number="585" hits="1"></line>
								<line number="586" hits="1"></line>
								<line number="587" hits="1"></line>
								<line number="588" hits="1"></line>
								<line number="591" hits="1"></line>
								<line number="592" hits="1"></line>
								<line number="596" hits="1"></line>
							</lines>
						</method>
						<method name="methodNotAllowed" signature="" line-rate="1" branch-rate="0" complexity="0" line-count="0" line-hits="0">
							<lines>
								<line number="601" hits="1"></line>
							</lines>
						</method>
						<method name="methodNotAllowedHandler" signature="" line-rate="1" branch-rate="0" complexity="0" line-count="0" line-hits="0">
							<lines>
								<line number="606" hits="1"></line>
							</lines>
						</method>
					</methods>
					<lines>
						<line number="26" hits="1"></line>
						<line number="99" hits="1"></line>
						<line number="101" hits="1"></line>
						<line number="102" hits="1"></line>
						<line number="105" hits="1"></line>
						<line number="106" hits="1"></line>
						<line number="109" hits="1"></line>
						<line number="110" hits="1"></line>
						<line number="111" hits="1"></line>
						<line number="114" hits="1"></line>
						<line number="115" hits="1"></line>
						<line number="117" hits="1"></line>
						<line number="121" hits="1"></line>
						<line number="122" hits="1"></line>
						<line number="429" hits="1"></line>
						<line number="430" hits="1"></line>
						<line number="432" hits="0"></line>
						<line number="440" hits="0"></line>
						<line number="441" hits="0"></line>
						<line number="443" hits="0"></line>
						<line number="447" hits="1"></line>
						<line number="448" hits="1"></line>
						<line number="452" hits="1"></line>
						<line number="453" hits="1"></line>
						<line number="463" hits="1"></line>
						<line number="464" hits="0"></line>
						<line number="466" hits="1"></line>
						<line number="467" hits="0"></line>
						<line number="469" hits="1"></line>
						<line number="472" hits="1"></line>
						<line number="473" hits="1"></line>
						<line number="476" hits="1"></line>
						<line number="481" hits="1"></line>
						<line number="482" hits="1"></line>
						<line number="483" hits="1"></line>
						<line number="484" hits="1"></line>
						<line number="488" hits="1"></line>
						<line number="494" hits="1"></line>
						<line number="495" hits="1"></line>
						<line number="496" hits="0"></line>
						<line number="499" hits="1"></line>
						<line number="505" hits="1"></line>
						<line number="506" hits="1"></line>
						<line number="507" hits="0"></line>
						<line number="509" hits="1"></line>
						<line number="510" hits="1"></line>
						<line number="511" hits="1"></line>
						<line number="513" hits="1"></line>
						<line number="519" hits="1"></line>
						<line number="520" hits="1"></line>
						<line number="521" hits="0"></line>
						<line number="523" hits="1"></line>
						<line number="524" hits="1"></line>
						<line number="525" hits="1"></line>
						<line number="526" hits="1"></line>
						<line number="527" hits="0"></line>
						<line number="529" hits="1"></line>
						<line number="531" hits="1"></line>
						<line number="536" hits="1"></line>
						<line number="537" hits="1"></line>
						<line number="538" hits="1"></line>
						<line number="541" hits="1"></line>
						<line number="546" hits="1"></line>
						<line number="548" hits="1"></line>
						<line number="549" hits="1"></line>
						<line number="551" hits="1"></line>
						<line number="552" hits="1"></line>
						<line number="553" hits="1"></line>
						<line number="556" hits="1"></line>
						<line number="557" hits="1"></line>
						<line number="558" hits="1"></line>
						<line number="559" hits="1"></line>
						<line number="560" hits="1"></line>
						<line number="563" hits="1"></line>
						<line number="564" hits="1"></line>
						<line number="568" hits="1"></line>
						<line number="574" hits="1"></line>
						<line number="576" hits="1"></line>
						<line number="577" hits="1"></line>
						<line number="579" hits="1"></line>
						<line number="580" hits="0"></line>
						<line number="581" hits="1"></line>
						<line number="584" hits="1"></line>
						<line number="585" hits="1"></line>
						<line number="586" hits="1"></line>
						<line number="587" hits="1"></line>
						<line number="588" hits="1"></line>
						<line number="591" hits="1"></line>
						<line number="592" hits="1"></line>
						<line number="596" hits="1"></line>
						<line number="601" hits="1"></line>
						<line number="606" hits="1"></line>
					</lines>
				</class>
				<class name="Router" filename="..\..\..\..\..\..\go\pkg\mod\github.com\gorilla\mux@v1.8.0\mux.go" line-rate="0.92771083" branch-rate="0" complexity="0" line-count="83" line-hits="77">
					<methods>
						<method name="Match" signature="" line-rate="1" branch-rate="0" complexity="0" line-count="0" line-hits="0">
							<lines>
								<line number="137" hits="1"></line>
								<line number="138" hits="1"></line>
								<line number="140" hits="1"></line>
								<line number="141" hits="1"></line>
								<line number="142" hits="1"></line>
								<line number="145" hits="1"></line>
								<line number="149" hits="1"></line>
								<line number="150" hits="1"></line>
								<line number="151" hits="1"></line>
								<line number="152" hits="1"></line>
								<line number="155" hits="1"></line>
								<line number="159" hits="1"></line>
								<line number="160" hits="1"></line>
								<line number="161" hits="1"></line>
								<line number="162" hits="1"></line>
								<line number="165" hits="1"></line>
								<line number="166" hits="1"></line>
							</lines>
						</method>
						<method name="ServeHTTP" signature="" line-rate="0.95454544" branch-rate="0" complexity="0" line-count="0" line-hits="0">
							<lines>
								<line number="174" hits="1"></line>
								<line number="175" hits="1"></line>
								<line number="176" hits="1"></line>
								<line number="177" hits="0"></line>
								<line number="180" hits="1"></line>
								<line number="185" hits="1"></line>
								<line number="186" hits="1"></line>
								<line number="187" hits="1"></line>
								<line number="189" hits="1"></line>
								<line number="190" hits="1"></line>
								<line number="191" hits="1"></line>
								<line number="194" hits="1"></line>
								<line number="195" hits="1"></line>
								<line number="196" hits="1"></line>
								<line number="197" hits="1"></line>
								<line number="198" hits="1"></line>
								<line number="199" hits="1"></line>
								<line number="202" hits="1"></line>
								<line number="203" hits="1"></line>
								<line number="206" hits="1"></line>
								<line number="207" hits="1"></line>
								<line number="210" hits="1"></line>
							</lines>
						</method>
						<method name="Get" signature="" line-rate="1" branch-rate="0" complexity="0" line-count="0" line-hits="0">
							<lines>
								<line number="215" hits="1"></line>
							</lines>
						</method>
						<method name="GetRoute" signature="" line-rate="0" branch-rate="0" complexity="0" line-count="0" line-hits="0">
							<lines>
								<line number="221" hits="0"></line>
							</lines>
						</method>
						<method name="StrictSlash" signature="" line-rate="1" branch-rate="0" complexity="0" line-count="0" line-hits="0">
							<lines>
								<line number="244" hits="1"></line>
								<line number="245" hits="1"></line>
							</lines>
						</method>
						<method name="SkipClean" signature="" line-rate="1" branch-rate="0" complexity="0" line-count="0" line-hits="0">
							<lines>
								<line number="257" hits="1"></line>
								<line number="258" hits="1"></line>
							</lines>
						</method>
						<method name="UseEncodedPath" signature="" line-rate="1" branch-rate="0" complexity="0" line-count="0" line-hits="0">
							<lines>
								<line number="268" hits="1"></line>
								<line number="269" hits="1"></line>
							</lines>
						</method>
						<method name="NewRoute" signature="" line-rate="1" branch-rate="0" complexity="0" line-count="0" line-hits="0">
							<lines>
								<line number="279" hits="1"></line>
								<line number="280" hits="1"></line>
								<line number="281" hits="1"></line>
							</lines>
						</method>
						<method name="Name" signature="" line-rate="1" branch-rate="0" complexity="0" line-count="0" line-hits="0">
							<lines>
								<line number="287" hits="1"></line>
							</lines>
						</method>
						<method name="Handle" signature="" line-rate="1" branch-rate="0" complexity="0" line-count="0" line-hits="0">
							<lines>
								<line number="293" hits="1"></line>
							</lines>
						</method>
						<method name="HandleFunc" signature="" line-rate="1" branch-rate="0" complexity="0" line-count="0" line-hits="0">
							<lines>
								<line number="300" hits="1"></line>
							</lines>
						</method>
						<method name="Headers" signature="" line-rate="1" branch-rate="0" complexity="0" line-count="0" line-hits="0">
							<lines>
								<line number="306" hits="1"></line>
							</lines>
						</method>
						<method name="Host" signature="" line-rate="1" branch-rate="0" complexity="0" line-count="0" line-hits="0">
							<lines>
								<line number="312" hits="1"></line>
							</lines>
						</method>
						<method name="MatcherFunc" signature="" line-rate="0" branch-rate="0" complexity="0" line-count="0" line-hits="0">
							<lines>
								<line number="318" hits="0"></line>
							</lines>
						</method>
						<method name="Methods" signature="" line-rate="1" branch-rate="0" complexity="0" line-count="0" line-hits="0">
							<lines>
								<line number="324" hits="1"></line>
							</lines>
						</method>
						<method name="Path" signature="" line-rate="1" branch-rate="0" complexity="0" line-count="0" line-hits="0">
							<lines>
								<line number="330" hits="1"></line>
							</lines>
						</method>
						<method name="PathPrefix" signature="" line-rate="1" branch-rate="0" complexity="0" line-count="0" line-hits="0">
							<lines>
								<line number="336" hits="1"></line>
							</lines>
						</method>
						<method name="Queries" signature="" line-rate="1" branch-rate="0" complexity="0" line-count="0" line-hits="0">
							<lines>
								<line number="342" hits="1"></line>
							</lines>
						</method>
						<method name="Schemes" signature="" line-rate="1" branch-rate="0" complexity="0" line-count="0" line-hits="0">
							<lines>
								<line number="348" hits="1"></line>
							</lines>
						</method>
						<method name="BuildVarsFunc" signature="" line-rate="0" branch-rate="0" complexity="0" line-count="0" line-hits="0">
							<lines>
								<line number="354" hits="0"></line>
							</lines>
						</method>
						<method name="Walk" signature="" line-rate="1" branch-rate="0" complexity="0" line-count="0" line-hits="0">
							<lines>
								<line number="361" hits="1"></line>
							</lines>
						</method>
						<method name="walk" signature="" line-rate="0.9" branch-rate="0" complexity="0" line-count="0" line-hits="0">
							<lines>
								<line number="374" hits="1"></line>
								<line number="375" hits="1"></line>
								<line number="376" hits="1"></line>
								<line number="377" hits="1"></line>
								<line number="379" hits="1"></line>
								<line number="380" hits="1"></line>
								<line number="382" hits="1"></line>
								<line number="383" hits="1"></line>
								<line number="384" hits="1"></line>
								<line number="385" hits="1"></line>
								<line number="386" hits="1"></line>
								<line number="387" hits="0"></line>
								<line number="389" hits="1"></line>
								<line number="392" hits="1"></line>
								<line number="393" hits="1"></line>
								<line number="394" hits="1"></line>
								<line number="395" hits="1"></line>
								<line number="396" hits="0"></line>
								<line number="398" hits="1"></line>
								<line number="401" hits="1"></line>
							</lines>
						</method>
					</methods>
					<lines>
						<line number="137" hits="1"></line>
						<line number="138" hits="1"></line>
						<line number="140" hits="1"></line>
						<line number="141" hits="1"></line>
						<line number="142" hits="1"></line>
						<line number="145" hits="1"></line>
						<line number="149" hits="1"></line>
						<line number="150" hits="1"></line>
						<line number="151" hits="1"></line>
						<line number="152" hits="1"></line>
						<line number="155" hits="1"></line>
						<line number="159" hits="1"></line>
						<line number="160" hits="1"></line>
						<line number="161" hits="1"></line>
						<line number="162" hits="1"></line>
						<line number="165" hits="1"></line>
						<line number="166" hits="1"></line>
						<line number="174" hits="1"></line>
						<line number="175" hits="1"></line>
						<line number="176" hits="1"></line>
						<line number="177" hits="0"></line>
						<line number="180" hits="1"></line>
						<line number="185" hits="1"></line>
						<line number="186" hits="1"></line>
						<line number="187" hits="1"></line>
						<line number="189" hits="1"></line>
						<line number="190" hits="1"></line>
						<line number="191" hits="1"></line>
						<line number="194" hits="1"></line>
						<line number="195" hits="1"></line>
						<line number="196" hits="1"></line>
						<line number="197" hits="1"></line>
						<line number="198" hits="1"></line>
						<line number="199" hits="1"></line>
						<line number="202" hits="1"></line>
						<line number="203" hits="1"></line>
						<line number="206" hits="1"></line>
						<line number="207" hits="1"></line>
						<line number="210" hits="1"></line>
						<line number="215" hits="1"></line>
						<line number="221" hits="0"></line>
						<line number="244" hits="1"></line>
						<line number="245" hits="1"></line>
						<line number="257" hits="1"></line>
						<line number="258" hits="1"></line>
						<line number="268" hits="1"></line>
						<line number="269" hits="1"></line>
						<line number="279" hits="1"></line>
						<line number="280" hits="1"></line>
						<line number="281" hits="1"></line>
						<line number="287" hits="1"></line>
						<line number="293" hits="1"></line>
						<line number="300" hits="1"></line>
						<line number="306" hits="1"></line>
						<line number="312" hits="1"></line>
						<line number="318" hits="0"></line>
						<line number="324" hits="1"></line>
						<line number="330" hits="1"></line>
						<line number="336" hits="1"></line>
						<line number="342" hits="1"></line>
						<line number="348" hits="1"></line>
						<line number="354" hits="0"></line>
						<line number="361" hits="1"></line>
						<line number="374" hits="1"></line>
						<line number="375" hits="1"></line>
						<line number="376" hits="1"></line>
						<line number="377" hits="1"></line>
						<line number="379" hits="1"></line>
						<line number="380" hits="1"></line>
						<line number="382" hits="1"></line>
						<line number="383" hits="1"></line>
						<line number="384" hits="1"></line>
						<line number="385" hits="1"></line>
						<line number="386" hits="1"></line>
						<line number="387" hits="0"></line>
						<line number="389" hits="1"></line>
						<line number="392" hits="1"></line>
						<line number="393" hits="1"></line>
						<line number="394" hits="1"></line>
						<line number="395" hits="1"></line>
						<line number="396" hits="0"></line>
						<line number="398" hits="1"></line>
						<line number="401" hits="1"></line>
					</lines>
				</class>
				<class name="routeRegexpGroup" filename="..\..\..\..\..\..\go\pkg\mod\github.com\gorilla\mux@v1.8.0\regexp.go" line-rate="1" branch-rate="0" complexity="0" line-count="29" line-hits="29">
					<methods>
						<method name="setMatch" signature="" line-rate="1" branch-rate="0" complexity="0" line-count="0" line-hits="0">
							<lines>
								<line number="326" hits="1"></line>
								<line number="327" hits="1"></line>
								<line number="328" hits="1"></line>
								<line number="330" hits="1"></line>
								<line number="331" hits="1"></line>
								<line number="334" hits="1"></line>
								<line number="335" hits="1"></line>
								<line number="336" hits="1"></line>
								<line number="339" hits="1"></line>
								<line number="340" hits="1"></line>
								<line number="341" hits="1"></line>
								<line number="344" hits="1"></line>
								<line number="345" hits="1"></line>
								<line number="346" hits="1"></line>
								<line number="347" hits="1"></line>
								<line number="349" hits="1"></line>
								<line number="350" hits="1"></line>
								<line number="351" hits="1"></line>
								<line number="352" hits="1"></line>
								<line number="353" hits="1"></line>
								<line number="354" hits="1"></line>
								<line number="355" hits="1"></line>
								<line number="357" hits="1"></line>
								<line number="359" hits="1"></line>
								<line number="365" hits="1"></line>
								<line number="366" hits="1"></line>
								<line number="367" hits="1"></line>
								<line number="368" hits="1"></line>
								<line number="369" hits="1"></line>
							</lines>
						</method>
					</methods>
					<lines>
						<line number="326" hits="1"></line>
						<line number="327" hits="1"></line>
						<line number="328" hits="1"></line>
						<line number="330" hits="1"></line>
						<line number="331" hits="1"></line>
						<line number="334" hits="1"></line>
						<line number="335" hits="1"></line>
						<line number="336" hits="1"></line>
						<line number="339" hits="1"></line>
						<line number="340" hits="1"></line>
						<line number="341" hits="1"></line>
						<line number="344" hits="1"></line>
						<line number="345" hits="1"></line>
						<line number="346" hits="1"></line>
						<line number="347" hits="1"></line>
						<line number="349" hits="1"></line>
						<line number="350" hits="1"></line>
						<line number="351" hits="1"></line>
						<line number="352" hits="1"></line>
						<line number="353" hits="1"></line>
						<line number="354" hits="1"></line>
						<line number="355" hits="1"></line>
						<line number="357" hits="1"></line>
						<line number="359" hits="1"></line>
						<line number="365" hits="1"></line>
						<line number="366" hits="1"></line>
						<line number="367" hits="1"></line>
						<line number="368" hits="1"></line>
						<line number="369" hits="1"></line>
					</lines>
				</class>
				<class name="-" filename="..\..\..\..\..\..\go\pkg\mod\github.com\gorilla\mux@v1.8.0\regexp.go" line-rate="0.9117647" branch-rate="0" complexity="0" line-count="102" line-hits="93">
					<methods>
						<method name="newRouteRegexp" signature="" line-rate="0.93333334" branch-rate="0" complexity="0" line-count="0" line-hits="0">
							<lines>
								<line number="43" hits="1"></line>
								<line number="44" hits="1"></line>
								<line number="45" hits="0"></line>
								<line number="48" hits="1"></line>
								<line number="50" hits="1"></line>
								<line number="51" hits="1"></line>
								<line number="52" hits="1"></line>
								<line number="53" hits="1"></line>
								<line number="54" hits="1"></line>
								<line number="57" hits="1"></line>
								<line number="58" hits="1"></line>
								<line number="61" hits="1"></line>
								<line number="62" hits="1"></line>
								<line number="63" hits="1"></line>
								<line number="64" hits="1"></line>
								<line number="66" hits="1"></line>
								<line number="67" hits="1"></line>
								<line number="68" hits="1"></line>
								<line number="69" hits="1"></line>
								<line number="70" hits="1"></line>
								<line number="71" hits="1"></line>
								<line number="72" hits="1"></line>
								<line number="73" hits="1"></line>
								<line number="75" hits="1"></line>
								<line number="76" hits="1"></line>
								<line number="77" hits="1"></line>
								<line number="78" hits="1"></line>
								<line number="79" hits="1"></line>
								<line number="80" hits="1"></line>
								<line number="81" hits="1"></line>
								<line number="84" hits="1"></line>
								<line number="85" hits="0"></line>
								<line number="89" hits="1"></line>
								<line number="92" hits="1"></line>
								<line number="95" hits="1"></line>
								<line number="96" hits="1"></line>
								<line number="97" hits="1"></line>
								<line number="98" hits="0"></line>
								<line number="102" hits="1"></line>
								<line number="103" hits="1"></line>
								<line number="104" hits="1"></line>
								<line number="105" hits="1"></line>
								<line number="107" hits="1"></line>
								<line number="109" hits="1"></line>
								<line number="110" hits="1"></line>
								<line number="113" hits="1"></line>
								<line number="114" hits="1"></line>
								<line number="117" hits="1"></line>
								<line number="118" hits="1"></line>
								<line number="119" hits="1"></line>
								<line number="120" hits="1"></line>
								<line number="123" hits="1"></line>
								<line number="124" hits="1"></line>
								<line number="125" hits="1"></line>
								<line number="128" hits="1"></line>
								<line number="129" hits="1"></line>
								<line number="130" hits="0"></line>
								<line number="134" hits="1"></line>
								<line number="135" hits="1"></line>
								<line number="140" hits="1"></line>
							</lines>
						</method>
						<method name="findFirstQueryKey" signature="" line-rate="0.8695652" branch-rate="0" complexity="0" line-count="0" line-hits="0">
							<lines>
								<line number="243" hits="1"></line>
								<line number="244" hits="1"></line>
								<line number="245" hits="1"></line>
								<line number="246" hits="1"></line>
								<line number="247" hits="1"></line>
								<line number="249" hits="1"></line>
								<line number="251" hits="1"></line>
								<line number="252" hits="0"></line>
								<line number="254" hits="1"></line>
								<line number="255" hits="1"></line>
								<line number="256" hits="1"></line>
								<line number="258" hits="1"></line>
								<line number="260" hits="1"></line>
								<line number="262" hits="1"></line>
								<line number="263" hits="1"></line>
								<line number="264" hits="0"></line>
								<line number="266" hits="1"></line>
								<line number="267" hits="1"></line>
								<line number="269" hits="1"></line>
								<line number="270" hits="1"></line>
								<line number="271" hits="0"></line>
								<line number="273" hits="1"></line>
								<line number="275" hits="1"></line>
							</lines>
						</method>
						<method name="braceIndices" signature="" line-rate="0.84615386" branch-rate="0" complexity="0" line-count="0" line-hits="0">
							<lines>
								<line number="285" hits="1"></line>
								<line number="286" hits="1"></line>
								<line number="287" hits="1"></line>
								<line number="288" hits="1"></line>
								<line number="290" hits="1"></line>
								<line number="291" hits="1"></line>
								<line number="294" hits="1"></line>
								<line number="295" hits="1"></line>
								<line number="296" hits="1"></line>
								<line number="297" hits="0"></line>
								<line number="301" hits="1"></line>
								<line number="302" hits="0"></line>
								<line number="304" hits="1"></line>
							</lines>
						</method>
						<method name="varGroupName" signature="" line-rate="1" branch-rate="0" complexity="0" line-count="0" line-hits="0">
							<lines>
								<line number="309" hits="1"></line>
							</lines>
						</method>
						<method name="getHost" signature="" line-rate="1" branch-rate="0" complexity="0" line-count="0" line-hits="0">
							<lines>
								<line number="378" hits="1"></line>
								<line number="379" hits="1"></line>
								<line number="381" hits="1"></line>
							</lines>
						</method>
						<method name="extractVars" signature="" line-rate="1" branch-rate="0" complexity="0" line-count="0" line-hits="0">
							<lines>
								<line number="385" hits="1"></line>
								<line number="386" hits="1"></line>
							</lines>
						</method>
					</methods>
					<lines>
						<line number="43" hits="1"></line>
						<line number="44" hits="1"></line>
						<line number="45" hits="0"></line>
						<line number="48" hits="1"></line>
						<line number="50" hits="1"></line>
						<line number="51" hits="1"></line>
						<line number="52" hits="1"></line>
						<line number="53" hits="1"></line>
						<line number="54" hits="1"></line>
						<line number="57" hits="1"></line>
						<line number="58" hits="1"></line>
						<line number="61" hits="1"></line>
						<line number="62" hits="1"></line>
						<line number="63" hits="1"></line>
						<line number="64" hits="1"></line>
						<line number="66" hits="1"></line>
						<line number="67" hits="1"></line>
						<line number="68" hits="1"></line>
						<line number="69" hits="1"></line>
						<line number="70" hits="1"></line>
						<line number="71" hits="1"></line>
						<line number="72" hits="1"></line>
						<line number="73" hits="1"></line>
						<line number="75" hits="1"></line>
						<line number="76" hits="1"></line>
						<line number="77" hits="1"></line>
						<line number="78" hits="1"></line>
						<line number="79" hits="1"></line>
						<line number="80" hits="1"></line>
						<line number="81" hits="1"></line>
						<line number="84" hits="1"></line>
						<line number="85" hits="0"></line>
						<line number="89" hits="1"></line>
						<line number="92" hits="1"></line>
						<line number="95" hits="1"></line>
						<line number="96" hits="1"></line>
						<line number="97" hits="1"></line>
						<line number="98" hits="0"></line>
						<line number="102" hits="1"></line>
						<line number="103" hits="1"></line>
						<line number="104" hits="1"></line>
						<line number="105" hits="1"></line>
						<line number="107" hits="1"></line>
						<line number="109" hits="1"></line>
						<line number="110" hits="1"></line>
						<line number="113" hits="1"></line>
						<line number="114" hits="1"></line>
						<line number="117" hits="1"></line>
						<line number="118" hits="1"></line>
						<line number="119" hits="1"></line>
						<line number="120" hits="1"></line>
						<line number="123" hits="1"></line>
						<line number="124" hits="1"></line>
						<line number="125" hits="1"></line>
						<line number="128" hits="1"></line>
						<line number="129" hits="1"></line>
						<line number="130" hits="0"></line>
						<line number="134" hits="1"></line>
						<line number="135" hits="1"></line>
						<line number="140" hits="1"></line>
						<line number="243" hits="1"></line>
						<line number="244" hits="1"></line>
						<line number="245" hits="1"></line>
						<line number="246" hits="1"></line>
						<line number="247" hits="1"></line>
						<line number="249" hits="1"></line>
						<line number="251" hits="1"></line>
						<line number="252" hits="0"></line>
						<line number="254" hits="1"></line>
						<line number="255" hits="1"></line>
						<line number="256" hits="1"></line>
						<line number="258" hits="1"></line>
						<line number="260" hits="1"></line>
						<line number="262" hits="1"></line>
						<line number="263" hits="1"></line>
						<line number="264" hits="0"></line>
						<line number="266" hits="1"></line>
						<line number="267" hits="1"></line>
						<line number="269" hits="1"></line>
						<line number="270" hits="1"></line>
						<line number="271" hits="0"></line>
						<line number="273" hits="1"></line>
						<line number="275" hits="1"></line>
						<line number="285" hits="1"></line>
						<line number="286" hits="1"></line>
						<line number="287" hits="1"></line>
						<line number="288" hits="1"></line>
						<line number="290" hits="1"></line>
						<line number="291" hits="1"></line>
						<line number="294" hits="1"></line>
						<line number="295" hits="1"></line>
						<line number="296" hits="1"></line>
						<line number="297" hits="0"></line>
						<line number="301" hits="1"></line>
						<line number="302" hits="0"></line>
						<line number="304" hits="1"></line>
						<line number="309" hits="1"></line>
						<line number="378" hits="1"></line>
						<line number="379" hits="1"></line>
						<line number="381" hits="1"></line>
						<line number="385" hits="1"></line>
						<line number="386" hits="1"></line>
					</lines>
				</class>
				<class name="routeRegexp" filename="..\..\..\..\..\..\go\pkg\mod\github.com\gorilla\mux@v1.8.0\regexp.go" line-rate="0.85294116" branch-rate="0" complexity="0" line-count="34" line-hits="29">
					<methods>
						<method name="Match" signature="" line-rate="1" branch-rate="0" complexity="0" line-count="0" line-hits="0">
							<lines>
								<line number="175" hits="1"></line>
								<line number="176" hits="1"></line>
								<line number="177" hits="1"></line>
								<line number="179" hits="1"></line>
								<line number="180" hits="1"></line>
								<line number="183" hits="1"></line>
								<line number="186" hits="1"></line>
								<line number="187" hits="1"></line>
								<line number="189" hits="1"></line>
								<line number="190" hits="1"></line>
								<line number="191" hits="1"></line>
								<line number="193" hits="1"></line>
							</lines>
						</method>
						<method name="url" signature="" line-rate="0.71428573" branch-rate="0" complexity="0" line-count="0" line-hits="0">
							<lines>
								<line number="198" hits="1"></line>
								<line number="199" hits="1"></line>
								<line number="200" hits="1"></line>
								<line number="201" hits="1"></line>
								<line number="202" hits="0"></line>
								<line number="204" hits="1"></line>
								<line number="205" hits="1"></line>
								<line number="207" hits="1"></line>
								<line number="209" hits="1"></line>
								<line number="210" hits="1"></line>
								<line number="214" hits="0"></line>
								<line number="215" hits="0"></line>
								<line number="216" hits="0"></line>
								<line number="222" hits="1"></line>
							</lines>
						</method>
						<method name="getURLQuery" signature="" line-rate="0.85714287" branch-rate="0" complexity="0" line-count="0" line-hits="0">
							<lines>
								<line number="229" hits="1"></line>
								<line number="230" hits="0"></line>
								<line number="232" hits="1"></line>
								<line number="233" hits="1"></line>
								<line number="234" hits="1"></line>
								<line number="235" hits="1"></line>
								<line number="237" hits="1"></line>
							</lines>
						</method>
						<method name="matchQueryString" signature="" line-rate="1" branch-rate="0" complexity="0" line-count="0" line-hits="0">
							<lines>
								<line number="279" hits="1"></line>
							</lines>
						</method>
					</methods>
					<lines>
						<line number="175" hits="1"></line>
						<line number="176" hits="1"></line>
						<line number="177" hits="1"></line>
						<line number="179" hits="1"></line>
						<line number="180" hits="1"></line>
						<line number="183" hits="1"></line>
						<line number="186" hits="1"></line>
						<line number="187" hits="1"></line>
						<line number="189" hits="1"></line>
						<line number="190" hits="1"></line>
						<line number="191" hits="1"></line>
						<line number="193" hits="1"></line>
						<line number="198" hits="1"></line>
						<line number="199" hits="1"></line>
						<line number="200" hits="1"></line>
						<line number="201" hits="1"></line>
						<line number="202" hits="0"></line>
						<line number="204" hits="1"></line>
						<line number="205" hits="1"></line>
						<line number="207" hits="1"></line>
						<line number="209" hits="1"></line>
						<line number="210" hits="1"></line>
						<line number="214" hits="0"></line>
						<line number="215" hits="0"></line>
						<line number="216" hits="0"></line>
						<line number="222" hits="1"></line>
						<line number="229" hits="1"></line>
						<line number="230" hits="0"></line>
						<line number="232" hits="1"></line>
						<line number="233" hits="1"></line>
						<line number="234" hits="1"></line>
						<line number="235" hits="1"></line>
						<line number="237" hits="1"></line>
						<line number="279" hits="1"></line>
					</lines>
				</class>
				<class name="Route" filename="..\..\..\..\..\..\go\pkg\mod\github.com\gorilla\mux@v1.8.0\route.go" line-rate="0.8078818" branch-rate="0" complexity="0" line-count="203" line-hits="164">
					<methods>
						<method name="SkipClean" signature="" line-rate="0" branch-rate="0" complexity="0" line-count="0" line-hits="0">
							<lines>
								<line number="37" hits="0"></line>
							</lines>
						</method>
						<method name="Match" signature="" line-rate="0.96153843" branch-rate="0" complexity="0" line-count="0" line-hits="0">
							<lines>
								<line number="42" hits="1"></line>
								<line number="43" hits="0"></line>
								<line number="46" hits="1"></line>
								<line number="49" hits="1"></line>
								<line number="50" hits="1"></line>
								<line number="51" hits="1"></line>
								<line number="52" hits="1"></line>
								<line number="53" hits="1"></line>
								<line number="63" hits="1"></line>
								<line number="64" hits="1"></line>
								<line number="67" hits="1"></line>
								<line number="68" hits="1"></line>
								<line number="72" hits="1"></line>
								<line number="73" hits="1"></line>
								<line number="74" hits="1"></line>
								<line number="77" hits="1"></line>
								<line number="79" hits="1"></line>
								<line number="81" hits="1"></line>
								<line number="85" hits="1"></line>
								<line number="86" hits="1"></line>
								<line number="88" hits="1"></line>
								<line number="89" hits="1"></line>
								<line number="91" hits="1"></line>
								<line number="92" hits="1"></line>
								<line number="96" hits="1"></line>
								<line number="97" hits="1"></line>
							</lines>
						</method>
						<method name="GetError" signature="" line-rate="1" branch-rate="0" complexity="0" line-count="0" line-hits="0">
							<lines>
								<line number="106" hits="1"></line>
							</lines>
						</method>
						<method name="BuildOnly" signature="" line-rate="0" branch-rate="0" complexity="0" line-count="0" line-hits="0">
							<lines>
								<line number="111" hits="0"></line>
								<line number="112" hits="0"></line>
							</lines>
						</method>
						<method name="Handler" signature="" line-rate="1" branch-rate="0" complexity="0" line-count="0" line-hits="0">
							<lines>
								<line number="119" hits="1"></line>
								<line number="120" hits="1"></line>
								<line number="122" hits="1"></line>
							</lines>
						</method>
						<method name="HandlerFunc" signature="" line-rate="1" branch-rate="0" complexity="0" line-count="0" line-hits="0">
							<lines>
								<line number="127" hits="1"></line>
							</lines>
						</method>
						<method name="GetHandler" signature="" line-rate="0" branch-rate="0" complexity="0" line-count="0" line-hits="0">
							<lines>
								<line number="132" hits="0"></line>
							</lines>
						</method>
						<method name="Name" signature="" line-rate="1" branch-rate="0" complexity="0" line-count="0" line-hits="0">
							<lines>
								<line number="140" hits="1"></line>
								<line number="141" hits="1"></line>
								<line number="144" hits="1"></line>
								<line number="145" hits="1"></line>
								<line number="146" hits="1"></line>
								<line number="148" hits="1"></line>
							</lines>
						</method>
						<method name="GetName" signature="" line-rate="1" branch-rate="0" complexity="0" line-count="0" line-hits="0">
							<lines>
								<line number="153" hits="1"></line>
							</lines>
						</method>
						<method name="addMatcher" signature="" line-rate="1" branch-rate="0" complexity="0" line-count="0" line-hits="0">
							<lines>
								<line number="167" hits="1"></line>
								<line number="168" hits="1"></line>
								<line number="170" hits="1"></line>
							</lines>
						</method>
						<method name="addRegexpMatcher" signature="" line-rate="0.7692308" branch-rate="0" complexity="0" line-count="0" line-hits="0">
							<lines>
								<line number="175" hits="1"></line>
								<line number="176" hits="0"></line>
								<line number="178" hits="1"></line>
								<line number="179" hits="1"></line>
								<line number="180" hits="0"></line>
								<line number="182" hits="1"></line>
								<line number="183" hits="1"></line>
								<line number="186" hits="1"></line>
								<line number="190" hits="1"></line>
								<line number="191" hits="0"></line>
								<line number="193" hits="1"></line>
								<line number="194" hits="1"></line>
								<line number="195" hits="0"></line>
								<line number="198" hits="1"></line>
								<line number="199" hits="1"></line>
								<line number="200" hits="0"></line>
								<line number="201" hits="0"></line>
								<line number="204" hits="1"></line>
								<line number="206" hits="1"></line>
								<line number="207" hits="1"></line>
								<line number="208" hits="1"></line>
								<line number="211" hits="1"></line>
								<line number="212" hits="1"></line>
								<line number="214" hits="1"></line>
								<line number="217" hits="1"></line>
								<line number="218" hits="1"></line>
							</lines>
						</method>
						<method name="Headers" signature="" line-rate="0.8" branch-rate="0" complexity="0" line-count="0" line-hits="0">
							<lines>
								<line number="240" hits="1"></line>
								<line number="241" hits="1"></line>
								<line number="242" hits="1"></line>
								<line number="243" hits="1"></line>
								<line number="245" hits="0"></line>
							</lines>
						</method>
						<method name="HeadersRegexp" signature="" line-rate="0.8" branch-rate="0" complexity="0" line-count="0" line-hits="0">
							<lines>
								<line number="266" hits="1"></line>
								<line number="267" hits="1"></line>
								<line number="268" hits="1"></line>
								<line number="269" hits="1"></line>
								<line number="271" hits="0"></line>
							</lines>
						</method>
						<method name="Host" signature="" line-rate="1" branch-rate="0" complexity="0" line-count="0" line-hits="0">
							<lines>
								<line number="294" hits="1"></line>
								<line number="295" hits="1"></line>
							</lines>
						</method>
						<method name="MatcherFunc" signature="" line-rate="1" branch-rate="0" complexity="0" line-count="0" line-hits="0">
							<lines>
								<line number="310" hits="1"></line>
							</lines>
						</method>
						<method name="Methods" signature="" line-rate="1" branch-rate="0" complexity="0" line-count="0" line-hits="0">
							<lines>
								<line number="326" hits="1"></line>
								<line number="327" hits="1"></line>
								<line number="329" hits="1"></line>
							</lines>
						</method>
						<method name="Path" signature="" line-rate="1" branch-rate="0" complexity="0" line-count="0" line-hits="0">
							<lines>
								<line number="354" hits="1"></line>
								<line number="355" hits="1"></line>
							</lines>
						</method>
						<method name="PathPrefix" signature="" line-rate="1" branch-rate="0" complexity="0" line-count="0" line-hits="0">
							<lines>
								<line number="370" hits="1"></line>
								<line number="371" hits="1"></line>
							</lines>
						</method>
						<method name="Queries" signature="" line-rate="0.625" branch-rate="0" complexity="0" line-count="0" line-hits="0">
							<lines>
								<line number="394" hits="1"></line>
								<line number="395" hits="1"></line>
								<line number="396" hits="0"></line>
								<line number="398" hits="0"></line>
								<line number="400" hits="1"></line>
								<line number="401" hits="1"></line>
								<line number="402" hits="0"></line>
								<line number="406" hits="1"></line>
							</lines>
						</method>
						<method name="Schemes" signature="" line-rate="1" branch-rate="0" complexity="0" line-count="0" line-hits="0">
							<lines>
								<line number="440" hits="1"></line>
								<line number="441" hits="1"></line>
								<line number="443" hits="1"></line>
								<line number="444" hits="1"></line>
								<line number="446" hits="1"></line>
							</lines>
						</method>
						<method name="BuildVarsFunc" signature="" line-rate="1" branch-rate="0" complexity="0" line-count="0" line-hits="0">
							<lines>
								<line number="458" hits="1"></line>
								<line number="460" hits="1"></line>
								<line number="461" hits="1"></line>
								<line number="465" hits="1"></line>
								<line number="467" hits="1"></line>
							</lines>
						</method>
						<method name="Subrouter" signature="" line-rate="1" branch-rate="0" complexity="0" line-count="0" line-hits="0">
							<lines>
								<line number="486" hits="1"></line>
								<line number="487" hits="1"></line>
								<line number="488" hits="1"></line>
							</lines>
						</method>
						<method name="URL" signature="" line-rate="0.77272725" branch-rate="0" complexity="0" line-count="0" line-hits="0">
							<lines>
								<line number="534" hits="1"></line>
								<line number="535" hits="0"></line>
								<line number="537" hits="1"></line>
								<line number="538" hits="1"></line>
								<line number="539" hits="0"></line>
								<line number="541" hits="1"></line>
								<line number="542" hits="1"></line>
								<line number="543" hits="1"></line>
								<line number="544" hits="1"></line>
								<line number="545" hits="0"></line>
								<line number="547" hits="1"></line>
								<line number="548" hits="1"></line>
								<line number="549" hits="1"></line>
								<line number="552" hits="1"></line>
								<line number="553" hits="1"></line>
								<line number="554" hits="0"></line>
								<line number="557" hits="1"></line>
								<line number="558" hits="1"></line>
								<line number="559" hits="1"></line>
								<line number="560" hits="0"></line>
								<line number="562" hits="1"></line>
								<line number="564" hits="1"></line>
							</lines>
						</method>
						<method name="URLHost" signature="" line-rate="0.71428573" branch-rate="0" complexity="0" line-count="0" line-hits="0">
							<lines>
								<line number="576" hits="1"></line>
								<line number="577" hits="0"></line>
								<line number="579" hits="1"></line>
								<line number="580" hits="0"></line>
								<line number="582" hits="1"></line>
								<line number="583" hits="1"></line>
								<line number="584" hits="0"></line>
								<line number="586" hits="1"></line>
								<line number="587" hits="1"></line>
								<line number="588" hits="0"></line>
								<line number="590" hits="1"></line>
								<line number="594" hits="1"></line>
								<line number="595" hits="1"></line>
								<line number="597" hits="1"></line>
							</lines>
						</method>
						<method name="URLPath" signature="" line-rate="0.6363636" branch-rate="0" complexity="0" line-count="0" line-hits="0">
							<lines>
								<line number="604" hits="1"></line>
								<line number="605" hits="0"></line>
								<line number="607" hits="1"></line>
								<line number="608" hits="0"></line>
								<line number="610" hits="1"></line>
								<line number="611" hits="1"></line>
								<line number="612" hits="0"></line>
								<line number="614" hits="1"></line>
								<line number="615" hits="1"></line>
								<line number="616" hits="0"></line>
								<line number="618" hits="1"></line>
							</lines>
						</method>
						<method name="GetPathTemplate" signature="" line-rate="0.8" branch-rate="0" complexity="0" line-count="0" line-hits="0">
							<lines>
								<line number="629" hits="1"></line>
								<line number="630" hits="0"></line>
								<line number="632" hits="1"></line>
								<line number="633" hits="1"></line>
								<line number="635" hits="1"></line>
							</lines>
						</method>
						<method name="GetPathRegexp" signature="" line-rate="0.6" branch-rate="0" complexity="0" line-count="0" line-hits="0">
							<lines>
								<line number="643" hits="1"></line>
								<line number="644" hits="0"></line>
								<line number="646" hits="1"></line>
								<line number="647" hits="0"></line>
								<line number="649" hits="1"></line>
							</lines>
						</method>
						<method name="GetQueriesRegexp" signature="" line-rate="0.75" branch-rate="0" complexity="0" line-count="0" line-hits="0">
							<lines>
								<line number="658" hits="1"></line>
								<line number="659" hits="0"></line>
								<line number="661" hits="1"></line>
								<line number="662" hits="0"></line>
								<line number="664" hits="1"></line>
								<line number="665" hits="1"></line>
								<line number="666" hits="1"></line>
								<line number="668" hits="1"></line>
							</lines>
						</method>
						<method name="GetQueriesTemplates" signature="" line-rate="0.75" branch-rate="0" complexity="0" line-count="0" line-hits="0">
							<lines>
								<line number="677" hits="1"></line>
								<line number="678" hits="0"></line>
								<line number="680" hits="1"></line>
								<line number="681" hits="0"></line>
								<line number="683" hits="1"></line>
								<line number="684" hits="1"></line>
								<line number="685" hits="1"></line>
								<line number="687" hits="1"></line>
							</lines>
						</method>
						<method name="GetMethods" signature="" line-rate="0.8333333" branch-rate="0" complexity="0" line-count="0" line-hits="0">
							<lines>
								<line number="695" hits="1"></line>
								<line number="696" hits="0"></line>
								<line number="698" hits="1"></line>
								<line number="699" hits="1"></line>
								<line number="700" hits="1"></line>
								<line number="703" hits="1"></line>
							</lines>
						</method>
						<method name="GetHostTemplate" signature="" line-rate="0.8" branch-rate="0" complexity="0" line-count="0" line-hits="0">
							<lines>
								<line number="712" hits="1"></line>
								<line number="713" hits="0"></line>
								<line number="715" hits="1"></line>
								<line number="716" hits="1"></line>
								<line number="718" hits="1"></line>
							</lines>
						</method>
						<method name="prepareVars" signature="" line-rate="0.75" branch-rate="0" complexity="0" line-count="0" line-hits="0">
							<lines>
								<line number="724" hits="1"></line>
								<line number="725" hits="1"></line>
								<line number="726" hits="0"></line>
								<line number="728" hits="1"></line>
							</lines>
						</method>
						<method name="buildVars" signature="" line-rate="1" branch-rate="0" complexity="0" line-count="0" line-hits="0">
							<lines>
								<line number="732" hits="1"></line>
								<line number="733" hits="1"></line>
								<line number="735" hits="1"></line>
							</lines>
						</method>
					</methods>
					<lines>
						<line number="37" hits="0"></line>
						<line number="42" hits="1"></line>
						<line number="43" hits="0"></line>
						<line number="46" hits="1"></line>
						<line number="49" hits="1"></line>
						<line number="50" hits="1"></line>
						<line number="51" hits="1"></line>
						<line number="52" hits="1"></line>
						<line number="53" hits="1"></line>
						<line number="63" hits="1"></line>
						<line number="64" hits="1"></line>
						<line number="67" hits="1"></line>
						<line number="68" hits="1"></line>
						<line number="72" hits="1"></line>
						<line number="73" hits="1"></line>
						<line number="74" hits="1"></line>
						<line number="77" hits="1"></line>
						<line number="79" hits="1"></line>
						<line number="81" hits="1"></line>
						<line number="85" hits="1"></line>
						<line number="86" hits="1"></line>
						<line number="88" hits="1"></line>
						<line number="89" hits="1"></line>
						<line number="91" hits="1"></line>
						<line number="92" hits="1"></line>
						<line number="96" hits="1"></line>
						<line number="97" hits="1"></line>
						<line number="106" hits="1"></line>
						<line number="111" hits="0"></line>
						<line number="112" hits="0"></line>
						<line number="119" hits="1"></line>
						<line number="120" hits="1"></line>
						<line number="122" hits="1"></line>
						<line number="127" hits="1"></line>
						<line number="132" hits="0"></line>
						<line number="140" hits="1"></line>
						<line number="141" hits="1"></line>
						<line number="144" hits="1"></line>
						<line number="145" hits="1"></line>
						<line number="146" hits="1"></line>
						<line number="148" hits="1"></line>
						<line number="153" hits="1"></line>
						<line number="167" hits="1"></line>
						<line number="168" hits="1"></line>
						<line number="170" hits="1"></line>
						<line number="175" hits="1"></line>
						<line number="176" hits="0"></line>
						<line number="178" hits="1"></line>
						<line number="179" hits="1"></line>
						<line number="180" hits="0"></line>
						<line number="182" hits="1"></line>
						<line number="183" hits="1"></line>
						<line number="186" hits="1"></line>
						<line number="190" hits="1"></line>
						<line number="191" hits="0"></line>
						<line number="193" hits="1"></line>
						<line number="194" hits="1"></line>
						<line number="195" hits="0"></line>
						<line number="198" hits="1"></line>
						<line number="199" hits="1"></line>
						<line number="200" hits="0"></line>
						<line number="201" hits="0"></line>
						<line number="204" hits="1"></line>
						<line number="206" hits="1"></line>
						<line number="207" hits="1"></line>
						<line number="208" hits="1"></line>
						<line number="211" hits="1"></line>
						<line number="212" hits="1"></line>
						<line number="214" hits="1"></line>
						<line number="217" hits="1"></line>
						<line number="218" hits="1"></line>
						<line number="240" hits="1"></line>
						<line number="241" hits="1"></line>
						<line number="242" hits="1"></line>
						<line number="243" hits="1"></line>
						<line number="245" hits="0"></line>
						<line number="266" hits="1"></line>
						<line number="267" hits="1"></line>
						<line number="268" hits="1"></line>
						<line number="269" hits="1"></line>
						<line number="271" hits="0"></line>
						<line number="294" hits="1"></line>
						<line number="295" hits="1"></line>
						<line number="310" hits="1"></line>
						<line number="326" hits="1"></line>
						<line number="327" hits="1"></line>
						<line number="329" hits="1"></line>
						<line number="354" hits="1"></line>
						<line number="355" hits="1"></line>
						<line number="370" hits="1"></line>
						<line number="371" hits="1"></line>
						<line number="394" hits="1"></line>
						<line number="395" hits="1"></line>
						<line number="396" hits="0"></line>
						<line number="398" hits="0"></line>
						<line number="400" hits="1"></line>
						<line number="401" hits="1"></line>
						<line number="402" hits="0"></line>
						<line number="406" hits="1"></line>
						<line number="440" hits="1"></line>
						<line number="441" hits="1"></line>
						<line number="443" hits="1"></line>
						<line number="444" hits="1"></line>
						<line number="446" hits="1"></line>
						<line number="458" hits="1"></line>
						<line number="460" hits="1"></line>
						<line number="461" hits="1"></line>
						<line number="465" hits="1"></line>
						<line number="467" hits="1"></line>
						<line number="486" hits="1"></line>
						<line number="487" hits="1"></line>
						<line number="488" hits="1"></line>
						<line number="534" hits="1"></line>
						<line number="535" hits="0"></line>
						<line number="537" hits="1"></line>
						<line number="538" hits="1"></line>
						<line number="539" hits="0"></line>
						<line number="541" hits="1"></line>
						<line number="542" hits="1"></line>
						<line number="543" hits="1"></line>
						<line number="544" hits="1"></line>
						<line number="545" hits="0"></line>
						<line number="547" hits="1"></line>
						<line number="548" hits="1"></line>
						<line number="549" hits="1"></line>
						<line number="552" hits="1"></line>
						<line number="553" hits="1"></line>
						<line number="554" hits="0"></line>
						<line number="557" hits="1"></line>
						<line number="558" hits="1"></line>
						<line number="559" hits="1"></line>
						<line number="560" hits="0"></line>
						<line number="562" hits="1"></line>
						<line number="564" hits="1"></line>
						<line number="576" hits="1"></line>
						<line number="577" hits="0"></line>
						<line number="579" hits="1"></line>
						<line number="580" hits="0"></line>
						<line number="582" hits="1"></line>
						<line number="583" hits="1"></line>
						<line number="584" hits="0"></line>
						<line number="586" hits="1"></line>
						<line number="587" hits="1"></line>
						<line number="588" hits="0"></line>
						<line number="590" hits="1"></line>
						<line number="594" hits="1"></line>
						<line number="595" hits="1"></line>
						<line number="597" hits="1"></line>
						<line number="604" hits="1"></line>
						<line number="605" hits="0"></line>
						<line number="607" hits="1"></line>
						<line number="608" hits="0"></line>
						<line number="610" hits="1"></line>
						<line number="611" hits="1"></line>
						<line number="612" hits="0"></line>
						<line number="614" hits="1"></line>
						<line number="615" hits="1"></line>
						<line number="616" hits="0"></line>
						<line number="618" hits="1"></line>
						<line number="629" hits="1"></line>
						<line number="630" hits="0"></line>
						<line number="632" hits="1"></line>
						<line number="633" hits="1"></line>
						<line number="635" hits="1"></line>
						<line number="643" hits="1"></line>
						<line number="644" hits="0"></line>
						<line number="646" hits="1"></line>
						<line number="647" hits="0"></line>
						<line number="649" hits="1"></line>
						<line number="658" hits="1"></line>
						<line number="659" hits="0"></line>
						<line number="661" hits="1"></line>
						<line number="662" hits="0"></line>
						<line number="664" hits="1"></line>
						<line number="665" hits="1"></line>
						<line number="666" hits="1"></line>
						<line number="668" hits="1"></line>
						<line number="677" hits="1"></line>
						<line number="678" hits="0"></line>
						<line number="680" hits="1"></line>
						<line number="681" hits="0"></line>
						<line number="683" hits="1"></line>
						<line number="684" hits="1"></line>
						<line number="685" hits="1"></line>
						<line number="687" hits="1"></line>
						<line number="695" hits="1"></line>
						<line number="696" hits="0"></line>
						<line number="698" hits="1"></line>
						<line number="699" hits="1"></line>
						<line number="700" hits="1"></line>
						<line number="703" hits="1"></line>
						<line number="712" hits="1"></line>
						<line number="713" hits="0"></line>
						<line number="715" hits="1"></line>
						<line number="716" hits="1"></line>
						<line number="718" hits="1"></line>
						<line number="724" hits="1"></line>
						<line number="725" hits="1"></line>
						<line number="726" hits="0"></line>
						<line number="728" hits="1"></line>
						<line number="732" hits="1"></line>
						<line number="733" hits="1"></line>
						<line number="735" hits="1"></line>
					</lines>
				</class>
				<class name="headerMatcher" filename="..\..\..\..\..\..\go\pkg\mod\github.com\gorilla\mux@v1.8.0\route.go" line-rate="1" branch-rate="0" complexity="0" line-count="1" line-hits="1">
					<methods>
						<method name="Match" signature="" line-rate="1" branch-rate="0" complexity="0" line-count="0" line-hits="0">
							<lines>
								<line number="227" hits="1"></line>
							</lines>
						</method>
					</methods>
					<lines>
						<line number="227" hits="1"></line>
					</lines>
				</class>
				<class name="headerRegexMatcher" filename="..\..\..\..\..\..\go\pkg\mod\github.com\gorilla\mux@v1.8.0\route.go" line-rate="1" branch-rate="0" complexity="0" line-count="1" line-hits="1">
					<methods>
						<method name="Match" signature="" line-rate="1" branch-rate="0" complexity="0" line-count="0" line-hits="0">
							<lines>
								<line number="252" hits="1"></line>
							</lines>
						</method>
					</methods>
					<lines>
						<line number="252" hits="1"></line>
					</lines>
				</class>
				<class name="MatcherFunc" filename="..\..\..\..\..\..\go\pkg\mod\github.com\gorilla\mux@v1.8.0\route.go" line-rate="1" branch-rate="0" complexity="0" line-count="1" line-hits="1">
					<methods>
						<method name="Match" signature="" line-rate="1" branch-rate="0" complexity="0" line-count="0" line-hits="0">
							<lines>
								<line number="305" hits="1"></line>
							</lines>
						</method>
					</methods>
					<lines>
						<line number="305" hits="1"></line>
					</lines>
				</class>
				<class name="methodMatcher" filename="..\..\..\..\..\..\go\pkg\mod\github.com\gorilla\mux@v1.8.0\route.go" line-rate="1" branch-rate="0" complexity="0" line-count="1" line-hits="1">
					<methods>
						<method name="Match" signature="" line-rate="1" branch-rate="0" complexity="0" line-count="0" line-hits="0">
							<lines>
								<line number="319" hits="1"></line>
							</lines>
						</method>
					</methods>
					<lines>
						<line number="319" hits="1"></line>
					</lines>
				</class>
				<class name="schemeMatcher" filename="..\..\..\..\..\..\go\pkg\mod\github.com\gorilla\mux@v1.8.0\route.go" line-rate="1" branch-rate="0" complexity="0" line-count="6" line-hits="6">
					<methods>
						<method name="Match" signature="" line-rate="1" branch-rate="0" complexity="0" line-count="0" line-hits="0">
							<lines>
								<line number="415" hits="1"></line>
								<line number="421" hits="1"></line>
								<line number="422" hits="1"></line>
								<line number="423" hits="1"></line>
								<line number="425" hits="1"></line>
								<line number="428" hits="1"></line>
							</lines>
						</method>
					</methods>
					<lines>
						<line number="415" hits="1"></line>
						<line number="421" hits="1"></line>
						<line number="422" hits="1"></line>
						<line number="423" hits="1"></line>
						<line number="425" hits="1"></line>
						<line number="428" hits="1"></line>
					</lines>
				</class>
				<class name="-" filename="..\..\..\..\..\..\go\pkg\mod\github.com\gorilla\mux@v1.8.0\route.go" line-rate="1" branch-rate="0" complexity="0" line-count="1" line-hits="1">
					<methods>
						<method name="@461:21" signature="" line-rate="1" branch-rate="0" complexity="0" line-count="0" line-hits="0">
							<lines>
								<line number="462" hits="1"></line>
							</lines>
						</method>
					</methods>
					<lines>
						<line number="462" hits="1"></line>
					</lines>
				</class>
			</classes>
		</package>
	</packages>
	<sources>
		<source>C:\Users\ADOLFO\Documents\CursoBackend\GO\Udemy\23 Unit testing 2\test</source>
	</sources>
</coverage>
